<?xml version="1.0" encoding="UTF-8"?>
<robot generator="Robot 5.0.1 (Python 3.9.13 on win32)" generated="20221108 00:54:30.884" rpa="false" schemaversion="3">
<suite id="s1" name="Login" source="c:\Users\MKhaled\Downloads\Example-master\Example-master\TestRunner\Login.robot">
<test id="s1-t1" name="Login with Valid Username &amp; Password" line="8">
<kw name="User Login" library="Login">
<arg>${username}</arg>
<arg>${password}</arg>
<kw name="Opening Browser" library="common">
<arg>${site_url}${login}</arg>
<arg>${browser}</arg>
<kw name="Open Browser" library="SeleniumLibrary">
<arg>${site_url}</arg>
<arg>${browser}</arg>
<doc>Opens a new browser instance to the optional ``url``.</doc>
<msg timestamp="20221108 00:54:31.755" level="INFO">Opening browser 'Chrome' to base url 'https://sis.medadstg.com/#login'.</msg>
<status status="PASS" starttime="20221108 00:54:31.755" endtime="20221108 00:54:39.386"/>
</kw>
<kw name="Wait Until Element Is Visible" library="SeleniumLibrary">
<arg>${Username_field}</arg>
<arg>timeout=10</arg>
<doc>Waits until the element ``locator`` is visible.</doc>
<status status="PASS" starttime="20221108 00:54:39.387" endtime="20221108 00:54:39.433"/>
</kw>
<kw name="Title Should Be" library="SeleniumLibrary">
<arg>Login</arg>
<doc>Verifies that the current page title equals ``title``.</doc>
<msg timestamp="20221108 00:54:39.441" level="INFO">Page title is 'Login'.</msg>
<status status="PASS" starttime="20221108 00:54:39.433" endtime="20221108 00:54:39.442"/>
</kw>
<status status="PASS" starttime="20221108 00:54:31.755" endtime="20221108 00:54:39.442"/>
</kw>
<kw name="Maximize Browser Window" library="SeleniumLibrary">
<doc>Maximizes current browser window.</doc>
<status status="PASS" starttime="20221108 00:54:39.442" endtime="20221108 00:54:39.574"/>
</kw>
<kw name="Wait Until Element Is Visible" library="SeleniumLibrary">
<arg>${Username_field}</arg>
<arg>timeout=10</arg>
<doc>Waits until the element ``locator`` is visible.</doc>
<status status="PASS" starttime="20221108 00:54:39.575" endtime="20221108 00:54:39.607"/>
</kw>
<kw name="Input Text" library="SeleniumLibrary">
<arg>${Username_field}</arg>
<arg>${username}</arg>
<doc>Types the given ``text`` into the text field identified by ``locator``.</doc>
<msg timestamp="20221108 00:54:39.609" level="INFO">Typing text 'mohammed.khaled@naseej.com' into text field '//*[@id='login_email']'.</msg>
<status status="PASS" starttime="20221108 00:54:39.607" endtime="20221108 00:54:39.848"/>
</kw>
<kw name="Input Text" library="SeleniumLibrary">
<arg>${password_field}</arg>
<arg>${password}</arg>
<doc>Types the given ``text`` into the text field identified by ``locator``.</doc>
<msg timestamp="20221108 00:54:39.849" level="INFO">Typing text 'Medad@123' into text field '//*[@id='login_password']'.</msg>
<status status="PASS" starttime="20221108 00:54:39.848" endtime="20221108 00:54:39.994"/>
</kw>
<kw name="Press Keys" library="SeleniumLibrary">
<arg>${password_field}</arg>
<arg>ENTER</arg>
<doc>Simulates the user pressing key(s) to an element or on the active browser.</doc>
<msg timestamp="20221108 00:54:39.996" level="INFO">Sending key(s) ('ENTER',) to //*[@id='login_password'] element.</msg>
<msg timestamp="20221108 00:54:40.307" level="INFO">Pressing special key ENTER to element.</msg>
<msg timestamp="20221108 00:54:40.308" level="INFO">Releasing special key ENTER.</msg>
<status status="PASS" starttime="20221108 00:54:39.995" endtime="20221108 00:54:40.369"/>
</kw>
<kw name="Wait Until Element Is Visible" library="SeleniumLibrary">
<arg>${Home}</arg>
<arg>timeout=10</arg>
<doc>Waits until the element ``locator`` is visible.</doc>
<status status="PASS" starttime="20221108 00:54:40.370" endtime="20221108 00:54:44.564"/>
</kw>
<status status="PASS" starttime="20221108 00:54:31.754" endtime="20221108 00:54:44.564"/>
</kw>
<kw name="Wait Until Element Is Visible" library="SeleniumLibrary">
<arg>${Home}</arg>
<arg>timeout=10</arg>
<doc>Waits until the element ``locator`` is visible.</doc>
<status status="PASS" starttime="20221108 00:54:44.564" endtime="20221108 00:54:44.587"/>
</kw>
<kw name="Sleep" library="BuiltIn">
<arg>10</arg>
<doc>Pauses the test executed for the given time.</doc>
<msg timestamp="20221108 00:54:54.593" level="INFO">Slept 10 seconds</msg>
<status status="PASS" starttime="20221108 00:54:44.588" endtime="20221108 00:54:54.594"/>
</kw>
<status status="PASS" starttime="20221108 00:54:31.752" endtime="20221108 00:54:54.594"/>
</test>
<doc>MedadCMP LoginPage</doc>
<status status="PASS" starttime="20221108 00:54:30.946" endtime="20221108 00:54:54.596"/>
</suite>
<statistics>
<total>
<stat pass="1" fail="0" skip="0">All Tests</stat>
</total>
<tag>
</tag>
<suite>
<stat pass="1" fail="0" skip="0" id="s1" name="Login">Login</stat>
</suite>
</statistics>
<errors>
</errors>
</robot>
