<?xml version="1.0" encoding="UTF-8"?>
<robot generator="Robot 5.0.1 (Python 3.9.13 on win32)" generated="20221113 12:41:57.739" rpa="false" schemaversion="3">
<suite id="s1" name="AcademicStructure" source="c:\Users\MKhaled\Downloads\Example-master\Example-master\TestRunner\AcademicStructure.robot">
<test id="s1-t1" name="TC3 : Add new Campuses" line="15">
<kw name="Add new Campuses" library="common">
<kw name="Open the AcademicStructure page" library="common">
<kw name="User Login" library="Login">
<arg>${username}</arg>
<arg>${password}</arg>
<kw name="Opening Browser" library="common">
<arg>${site_url}${login}</arg>
<arg>${browser}</arg>
<kw name="Open Browser" library="SeleniumLibrary">
<arg>${site_url}</arg>
<arg>${browser}</arg>
<doc>Opens a new browser instance to the optional ``url``.</doc>
<msg timestamp="20221113 12:41:58.532" level="INFO">Opening browser 'Chrome' to base url 'https://sis.medadstg.com/#login'.</msg>
<status status="PASS" starttime="20221113 12:41:58.532" endtime="20221113 12:42:06.122"/>
</kw>
<kw name="Wait Until Page Contains Element" library="SeleniumLibrary">
<arg>${Username_field}</arg>
<doc>Waits until the element ``locator`` appears on the current page.</doc>
<status status="PASS" starttime="20221113 12:42:06.122" endtime="20221113 12:42:06.144"/>
</kw>
<status status="PASS" starttime="20221113 12:41:58.532" endtime="20221113 12:42:06.144"/>
</kw>
<kw name="Maximize Browser Window" library="SeleniumLibrary">
<doc>Maximizes current browser window.</doc>
<status status="PASS" starttime="20221113 12:42:06.144" endtime="20221113 12:42:06.283"/>
</kw>
<kw name="Wait Until Page Contains Element" library="SeleniumLibrary">
<arg>${Username_field}</arg>
<doc>Waits until the element ``locator`` appears on the current page.</doc>
<status status="PASS" starttime="20221113 12:42:06.284" endtime="20221113 12:42:06.294"/>
</kw>
<kw name="Enter Username" library="Login">
<kw name="Input Text" library="SeleniumLibrary">
<arg>${Username_field}</arg>
<arg>${username}</arg>
<doc>Types the given ``text`` into the text field identified by ``locator``.</doc>
<msg timestamp="20221113 12:42:06.295" level="INFO">Typing text 'mohammed.khaled@naseej.com' into text field '//input[@id='login_email']'.</msg>
<status status="PASS" starttime="20221113 12:42:06.295" endtime="20221113 12:42:06.524"/>
</kw>
<status status="PASS" starttime="20221113 12:42:06.295" endtime="20221113 12:42:06.525"/>
</kw>
<kw name="Enter Password" library="Login">
<kw name="Input Text" library="SeleniumLibrary">
<arg>${password_field}</arg>
<arg>${password}</arg>
<doc>Types the given ``text`` into the text field identified by ``locator``.</doc>
<msg timestamp="20221113 12:42:06.526" level="INFO">Typing text 'Medad@123' into text field '//input[@id='login_password']'.</msg>
<status status="PASS" starttime="20221113 12:42:06.525" endtime="20221113 12:42:06.668"/>
</kw>
<status status="PASS" starttime="20221113 12:42:06.525" endtime="20221113 12:42:06.669"/>
</kw>
<kw name=" Click on Login button" library="Login">
<kw name="Click Element" library="SeleniumLibrary">
<arg>${Login_Button}</arg>
<doc>Click the element identified by ``locator``.</doc>
<msg timestamp="20221113 12:42:06.670" level="INFO">Clicking element '//button[@type='submit']'.</msg>
<status status="PASS" starttime="20221113 12:42:06.670" endtime="20221113 12:42:06.740"/>
</kw>
<status status="PASS" starttime="20221113 12:42:06.669" endtime="20221113 12:42:06.741"/>
</kw>
<kw name="Home page is opened Successfully" library="Login">
<kw name="Wait Until Page Contains Element" library="SeleniumLibrary">
<arg>${Success_Login}</arg>
<arg>timeout=10</arg>
<doc>Waits until the element ``locator`` appears on the current page.</doc>
<status status="PASS" starttime="20221113 12:42:06.741" endtime="20221113 12:42:09.505"/>
</kw>
<status status="PASS" starttime="20221113 12:42:06.741" endtime="20221113 12:42:09.505"/>
</kw>
<status status="PASS" starttime="20221113 12:41:58.532" endtime="20221113 12:42:09.506"/>
</kw>
<kw name="Click Element" library="SeleniumLibrary">
<arg>${Academic_Structure}</arg>
<doc>Click the element identified by ``locator``.</doc>
<msg timestamp="20221113 12:42:09.508" level="INFO">Clicking element '//a[@href='/app/academic-structure']'.</msg>
<status status="PASS" starttime="20221113 12:42:09.507" endtime="20221113 12:42:09.589"/>
</kw>
<status status="PASS" starttime="20221113 12:41:58.531" endtime="20221113 12:42:09.589"/>
</kw>
<kw name="Open the Cumpuses page" library="campuses">
<kw name="Wait Until Page Contains Element" library="SeleniumLibrary">
<arg>${Campuses_Link}</arg>
<doc>Waits until the element ``locator`` appears on the current page.</doc>
<status status="PASS" starttime="20221113 12:42:09.589" endtime="20221113 12:42:10.109"/>
</kw>
<kw name="Click Element" library="SeleniumLibrary">
<arg>${Campuses_Link}</arg>
<doc>Click the element identified by ``locator``.</doc>
<msg timestamp="20221113 12:42:10.109" level="INFO">Clicking element '//a[@href='/app/campus']'.</msg>
<status status="PASS" starttime="20221113 12:42:10.109" endtime="20221113 12:42:10.177"/>
</kw>
<status status="PASS" starttime="20221113 12:42:09.589" endtime="20221113 12:42:10.178"/>
</kw>
<kw name="Click button Add new campuses" library="campuses">
<kw name="Wait Until Page Contains Element" library="SeleniumLibrary">
<arg>${Add_Campuses}</arg>
<arg>timeout=10</arg>
<doc>Waits until the element ``locator`` appears on the current page.</doc>
<status status="PASS" starttime="20221113 12:42:10.179" endtime="20221113 12:42:10.940"/>
</kw>
<kw name="Click Element" library="SeleniumLibrary">
<arg>${Add_Campuses}</arg>
<doc>Click the element identified by ``locator``.</doc>
<msg timestamp="20221113 12:42:10.942" level="INFO">Clicking element '//span[@data-label='Add%20Campus']'.</msg>
<status status="PASS" starttime="20221113 12:42:10.941" endtime="20221113 12:42:11.015"/>
</kw>
<status status="PASS" starttime="20221113 12:42:10.179" endtime="20221113 12:42:11.017"/>
</kw>
<kw name="Fill Form of Add campuses" library="campuses">
<kw name="Fill field Campus Name" library="campuses">
<kw name="Wait Until Element Is Visible" library="SeleniumLibrary">
<arg>/html/body/div[11]</arg>
<arg>timeout=10</arg>
<doc>Waits until the element ``locator`` is visible.</doc>
<msg timestamp="20221113 12:42:21.515" level="INFO" html="true">&lt;/td&gt;&lt;/tr&gt;&lt;tr&gt;&lt;td colspan="3"&gt;&lt;a href="selenium-screenshot-8.png"&gt;&lt;img src="selenium-screenshot-8.png" width="800px"&gt;&lt;/a&gt;</msg>
<msg timestamp="20221113 12:42:21.517" level="FAIL">Element '/html/body/div[11]' not visible after 10 seconds.</msg>
<status status="FAIL" starttime="20221113 12:42:11.020" endtime="20221113 12:42:21.525"/>
</kw>
<kw name="Wait Until Element Is Enabled" library="SeleniumLibrary">
<arg>/html/body/div[11]</arg>
<arg>timeout=10</arg>
<doc>Waits until the element ``locator`` is enabled.</doc>
<status status="NOT RUN" starttime="20221113 12:42:21.525" endtime="20221113 12:42:21.525"/>
</kw>
<kw name="Input Text" library="SeleniumLibrary">
<arg>${Campus_name_field}</arg>
<arg>${Campus_name}</arg>
<doc>Types the given ``text`` into the text field identified by ``locator``.</doc>
<status status="NOT RUN" starttime="20221113 12:42:21.525" endtime="20221113 12:42:21.525"/>
</kw>
<status status="FAIL" starttime="20221113 12:42:11.019" endtime="20221113 12:42:21.533"/>
</kw>
<kw name="Fill field Campus Code" library="campuses">
<status status="NOT RUN" starttime="20221113 12:42:21.533" endtime="20221113 12:42:21.533"/>
</kw>
<kw name="Fill field campus Location" library="campuses">
<status status="NOT RUN" starttime="20221113 12:42:21.533" endtime="20221113 12:42:21.533"/>
</kw>
<status status="FAIL" starttime="20221113 12:42:11.018" endtime="20221113 12:42:21.533"/>
</kw>
<kw name="click submit Campus" library="campuses">
<status status="NOT RUN" starttime="20221113 12:42:21.533" endtime="20221113 12:42:21.533"/>
</kw>
<status status="FAIL" starttime="20221113 12:41:58.531" endtime="20221113 12:42:21.543"/>
</kw>
<kw name="closing Browser" library="common" type="TEARDOWN">
<kw name="Close Browser" library="SeleniumLibrary">
<doc>Closes the current browser.</doc>
<status status="PASS" starttime="20221113 12:42:21.549" endtime="20221113 12:42:23.963"/>
</kw>
<status status="PASS" starttime="20221113 12:42:21.543" endtime="20221113 12:42:23.968"/>
</kw>
<status status="FAIL" starttime="20221113 12:41:58.529" endtime="20221113 12:42:23.972">Element '/html/body/div[11]' not visible after 10 seconds.</status>
</test>
<doc>MedadCMP LoginPage</doc>
<status status="FAIL" starttime="20221113 12:41:57.756" endtime="20221113 12:42:23.986"/>
</suite>
<statistics>
<total>
<stat pass="0" fail="1" skip="0">All Tests</stat>
</total>
<tag>
</tag>
<suite>
<stat pass="0" fail="1" skip="0" id="s1" name="AcademicStructure">AcademicStructure</stat>
</suite>
</statistics>
<errors>
</errors>
</robot>
