<?xml version="1.0" encoding="UTF-8"?>
<robot generator="Robot 5.0.1 (Python 3.9.13 on win32)" generated="20221113 01:13:40.082" rpa="false" schemaversion="3">
<suite id="s1" name="AcademicStructure" source="c:\Users\MKhaled\Downloads\Example-master\Example-master\TestRunner\AcademicStructure.robot">
<test id="s1-t1" name="TC2 : Add new College" line="13">
<kw name="Add new College" library="common">
<kw name="Open the AcademicStructure page" library="common">
<kw name="User Login" library="Login">
<arg>${username}</arg>
<arg>${password}</arg>
<kw name="Opening Browser" library="common">
<arg>${site_url}${login}</arg>
<arg>${browser}</arg>
<kw name="Open Browser" library="SeleniumLibrary">
<arg>${site_url}</arg>
<arg>${browser}</arg>
<doc>Opens a new browser instance to the optional ``url``.</doc>
<msg timestamp="20221113 01:13:40.786" level="INFO">Opening browser 'Chrome' to base url 'https://sis.medadstg.com/#login'.</msg>
<status status="PASS" starttime="20221113 01:13:40.786" endtime="20221113 01:13:46.555"/>
</kw>
<kw name="Wait Until Page Contains Element" library="SeleniumLibrary">
<arg>${Username_field}</arg>
<doc>Waits until the element ``locator`` appears on the current page.</doc>
<status status="PASS" starttime="20221113 01:13:46.555" endtime="20221113 01:13:46.570"/>
</kw>
<status status="PASS" starttime="20221113 01:13:40.785" endtime="20221113 01:13:46.570"/>
</kw>
<kw name="Maximize Browser Window" library="SeleniumLibrary">
<doc>Maximizes current browser window.</doc>
<status status="PASS" starttime="20221113 01:13:46.571" endtime="20221113 01:13:46.702"/>
</kw>
<kw name="Wait Until Page Contains Element" library="SeleniumLibrary">
<arg>${Username_field}</arg>
<doc>Waits until the element ``locator`` appears on the current page.</doc>
<status status="PASS" starttime="20221113 01:13:46.703" endtime="20221113 01:13:46.710"/>
</kw>
<kw name="Enter Username" library="Login">
<kw name="Input Text" library="SeleniumLibrary">
<arg>${Username_field}</arg>
<arg>${username}</arg>
<doc>Types the given ``text`` into the text field identified by ``locator``.</doc>
<msg timestamp="20221113 01:13:46.712" level="INFO">Typing text 'mohammed.khaled@naseej.com' into text field '//input[@id='login_email']'.</msg>
<status status="PASS" starttime="20221113 01:13:46.711" endtime="20221113 01:13:46.870"/>
</kw>
<status status="PASS" starttime="20221113 01:13:46.711" endtime="20221113 01:13:46.870"/>
</kw>
<kw name="Enter Password" library="Login">
<kw name="Input Text" library="SeleniumLibrary">
<arg>${password_field}</arg>
<arg>${password}</arg>
<doc>Types the given ``text`` into the text field identified by ``locator``.</doc>
<msg timestamp="20221113 01:13:46.872" level="INFO">Typing text 'Medad@123' into text field '//input[@id='login_password']'.</msg>
<status status="PASS" starttime="20221113 01:13:46.871" endtime="20221113 01:13:46.982"/>
</kw>
<status status="PASS" starttime="20221113 01:13:46.871" endtime="20221113 01:13:46.983"/>
</kw>
<kw name=" Click on Login button" library="Login">
<kw name="Click Element" library="SeleniumLibrary">
<arg>${Login_Button}</arg>
<doc>Click the element identified by ``locator``.</doc>
<msg timestamp="20221113 01:13:46.984" level="INFO">Clicking element '//button[@type='submit']'.</msg>
<status status="PASS" starttime="20221113 01:13:46.983" endtime="20221113 01:13:47.043"/>
</kw>
<status status="PASS" starttime="20221113 01:13:46.983" endtime="20221113 01:13:47.043"/>
</kw>
<kw name="Home page is opened Successfully" library="Login">
<kw name="Wait Until Page Contains Element" library="SeleniumLibrary">
<arg>${Success_Login}</arg>
<arg>timeout=10</arg>
<doc>Waits until the element ``locator`` appears on the current page.</doc>
<status status="PASS" starttime="20221113 01:13:47.045" endtime="20221113 01:13:53.607"/>
</kw>
<status status="PASS" starttime="20221113 01:13:47.044" endtime="20221113 01:13:53.607"/>
</kw>
<status status="PASS" starttime="20221113 01:13:40.784" endtime="20221113 01:13:53.608"/>
</kw>
<kw name="Click Element" library="SeleniumLibrary">
<arg>${Academic_Structure}</arg>
<doc>Click the element identified by ``locator``.</doc>
<msg timestamp="20221113 01:13:53.609" level="INFO">Clicking element '//a[@href='/app/academic-structure']'.</msg>
<status status="PASS" starttime="20221113 01:13:53.608" endtime="20221113 01:13:53.685"/>
</kw>
<status status="PASS" starttime="20221113 01:13:40.783" endtime="20221113 01:13:53.686"/>
</kw>
<kw name="Open the Colleges page" library="Colleges">
<kw name="Wait Until Page Contains Element" library="SeleniumLibrary">
<arg>${College_Link}</arg>
<doc>Waits until the element ``locator`` appears on the current page.</doc>
<status status="PASS" starttime="20221113 01:13:53.687" endtime="20221113 01:13:54.613"/>
</kw>
<kw name="Click Element" library="SeleniumLibrary">
<arg>${College_Link}</arg>
<doc>Click the element identified by ``locator``.</doc>
<msg timestamp="20221113 01:13:54.615" level="INFO">Clicking element '//a[@href='/app/college']'.</msg>
<status status="PASS" starttime="20221113 01:13:54.614" endtime="20221113 01:13:54.677"/>
</kw>
<status status="PASS" starttime="20221113 01:13:53.686" endtime="20221113 01:13:54.682"/>
</kw>
<kw name="Click add colleges button" library="Colleges">
<kw name="Wait Until Page Contains Element" library="SeleniumLibrary">
<arg>${Add_College}</arg>
<arg>timeout=10</arg>
<doc>Waits until the element ``locator`` appears on the current page.</doc>
<status status="PASS" starttime="20221113 01:13:54.683" endtime="20221113 01:13:56.024"/>
</kw>
<kw name="Click Element" library="SeleniumLibrary">
<arg>${Add_College}</arg>
<doc>Click the element identified by ``locator``.</doc>
<msg timestamp="20221113 01:13:56.025" level="INFO">Clicking element '//span[@data-label='Add%20College']'.</msg>
<status status="PASS" starttime="20221113 01:13:56.024" endtime="20221113 01:13:56.286"/>
</kw>
<status status="PASS" starttime="20221113 01:13:54.682" endtime="20221113 01:13:56.287"/>
</kw>
<kw name=" Fill Form of Add Colleges" library="Colleges">
<kw name="Fill field College Name" library="Colleges">
<kw name="Input Text" library="SeleniumLibrary">
<arg>${College_Name_field}</arg>
<arg>${College_Name}</arg>
<doc>Types the given ``text`` into the text field identified by ``locator``.</doc>
<msg timestamp="20221113 01:13:56.289" level="INFO">Typing text 'mokhaled' into text field '//input[@data-fieldname='college_name'][@data-doctype='College']'.</msg>
<status status="PASS" starttime="20221113 01:13:56.288" endtime="20221113 01:13:56.484"/>
</kw>
<status status="PASS" starttime="20221113 01:13:56.288" endtime="20221113 01:13:56.484"/>
</kw>
<kw name="Fill field College Code" library="Colleges">
<kw name="Input Text" library="SeleniumLibrary">
<arg>${College_Code_field}</arg>
<arg>${College_Code}</arg>
<doc>Types the given ``text`` into the text field identified by ``locator``.</doc>
<msg timestamp="20221113 01:13:56.486" level="INFO">Typing text '2121' into text field '//input[@data-fieldname='college_code'][@data-doctype='College']'.</msg>
<status status="PASS" starttime="20221113 01:13:56.485" endtime="20221113 01:13:56.624"/>
</kw>
<status status="PASS" starttime="20221113 01:13:56.485" endtime="20221113 01:13:56.625"/>
</kw>
<kw name="Select field Establishment Date" library="Colleges">
<kw name="Click Element" library="SeleniumLibrary">
<arg>${Establishment_date_field}</arg>
<doc>Click the element identified by ``locator``.</doc>
<msg timestamp="20221113 01:13:56.626" level="INFO">Clicking element '//input[@data-fieldname='establishment_date']'.</msg>
<status status="PASS" starttime="20221113 01:13:56.625" endtime="20221113 01:13:56.740"/>
</kw>
<kw name="Wait Until Page Contains Element" library="SeleniumLibrary">
<arg>${Establishment_date}</arg>
<doc>Waits until the element ``locator`` appears on the current page.</doc>
<status status="PASS" starttime="20221113 01:13:56.741" endtime="20221113 01:13:56.776"/>
</kw>
<kw name="Click Element" library="SeleniumLibrary">
<arg>${Establishment_date}</arg>
<doc>Click the element identified by ``locator``.</doc>
<msg timestamp="20221113 01:13:56.777" level="INFO">Clicking element '//*[@id='datepickers-container']/div/div[1]/div/div[2]/div[4]'.</msg>
<status status="PASS" starttime="20221113 01:13:56.777" endtime="20221113 01:13:56.892"/>
</kw>
<status status="PASS" starttime="20221113 01:13:56.625" endtime="20221113 01:13:56.892"/>
</kw>
<kw name="Add the related Campus" library="Colleges">
<kw name="Click Element" library="SeleniumLibrary">
<arg>${Open_campus_collapse}</arg>
<doc>Click the element identified by ``locator``.</doc>
<msg timestamp="20221113 01:13:56.894" level="INFO">Clicking element '//DIV[@class='section-head collapsed']'.</msg>
<status status="PASS" starttime="20221113 01:13:56.894" endtime="20221113 01:13:57.028"/>
</kw>
<kw name="Wait Until Page Contains Element" library="SeleniumLibrary">
<arg>${Add_capmus_row}</arg>
<doc>Waits until the element ``locator`` appears on the current page.</doc>
<status status="PASS" starttime="20221113 01:13:57.030" endtime="20221113 01:13:57.053"/>
</kw>
<kw name="Click Element" library="SeleniumLibrary">
<arg>${click_in_campus_row}</arg>
<doc>Click the element identified by ``locator``.</doc>
<msg timestamp="20221113 01:13:57.055" level="INFO">Clicking element '(//DIV[@class='col grid-static-col col-xs-10 '])[2]'.</msg>
<status status="PASS" starttime="20221113 01:13:57.054" endtime="20221113 01:13:57.127"/>
</kw>
<kw name="Wait Until Page Contains Element" library="SeleniumLibrary">
<arg>${Select_campus}</arg>
<doc>Waits until the element ``locator`` appears on the current page.</doc>
<status status="PASS" starttime="20221113 01:13:57.127" endtime="20221113 01:13:59.536"/>
</kw>
<kw name="Click Element" library="SeleniumLibrary">
<arg>${Select_campus}</arg>
<doc>Click the element identified by ``locator``.</doc>
<msg timestamp="20221113 01:13:59.538" level="INFO">Clicking element '//P[@title='1']'.</msg>
<status status="PASS" starttime="20221113 01:13:59.537" endtime="20221113 01:13:59.598"/>
</kw>
<status status="PASS" starttime="20221113 01:13:56.893" endtime="20221113 01:13:59.598"/>
</kw>
<status status="PASS" starttime="20221113 01:13:56.287" endtime="20221113 01:13:59.599"/>
</kw>
<kw name="Click submit college button" library="Colleges">
<kw name="Click Element" library="SeleniumLibrary">
<arg>${Submit_college}</arg>
<doc>Click the element identified by ``locator``.</doc>
<msg timestamp="20221113 01:13:59.601" level="INFO">Clicking element '//*[@id='page-College']/div[1]/div/div/div[2]/div[3]/button[2]/span'.</msg>
<status status="PASS" starttime="20221113 01:13:59.600" endtime="20221113 01:13:59.666"/>
</kw>
<kw name="Wait Until Page Contains Element" library="SeleniumLibrary">
<arg>${Successfully_Saved}</arg>
<doc>Waits until the element ``locator`` appears on the current page.</doc>
<status status="PASS" starttime="20221113 01:13:59.667" endtime="20221113 01:14:01.916"/>
</kw>
<status status="PASS" starttime="20221113 01:13:59.599" endtime="20221113 01:14:01.917"/>
</kw>
<status status="PASS" starttime="20221113 01:13:40.783" endtime="20221113 01:14:01.917"/>
</kw>
<kw name="closing Browser" library="common" type="TEARDOWN">
<kw name="Close Browser" library="SeleniumLibrary">
<doc>Closes the current browser.</doc>
<status status="PASS" starttime="20221113 01:14:01.919" endtime="20221113 01:14:04.511"/>
</kw>
<status status="PASS" starttime="20221113 01:14:01.918" endtime="20221113 01:14:04.512"/>
</kw>
<status status="PASS" starttime="20221113 01:13:40.781" endtime="20221113 01:14:04.512"/>
</test>
<doc>MedadCMP LoginPage</doc>
<status status="PASS" starttime="20221113 01:13:40.097" endtime="20221113 01:14:04.515"/>
</suite>
<statistics>
<total>
<stat pass="1" fail="0" skip="0">All Tests</stat>
</total>
<tag>
</tag>
<suite>
<stat pass="1" fail="0" skip="0" id="s1" name="AcademicStructure">AcademicStructure</stat>
</suite>
</statistics>
<errors>
</errors>
</robot>
